# JRE version: OpenJDK Runtime Environment (8.0_242-b01) (build 1.8.0_242-release-1644-b01)
# Java VM: OpenJDK 64-Bit Server VM (25.242-b01 mixed mode windows-amd64 compressed oops)
Heap:
 PSYoungGen      total 496128K, used 62349K [0x00000000d5580000, 0x00000000f6c80000, 0x0000000100000000)
  eden space 459776K, 5% used [0x00000000d5580000,0x00000000d6ee9f00,0x00000000f1680000)
  from space 36352K, 99% used [0x00000000f3f00000,0x00000000f62795e8,0x00000000f6280000)
  to   space 41472K, 0% used [0x00000000f1680000,0x00000000f1680000,0x00000000f3f00000)
 ParOldGen       total 317440K, used 55650K [0x0000000080000000, 0x0000000093600000, 0x00000000d5580000)
  object space 317440K, 17% used [0x0000000080000000,0x0000000083658ae8,0x0000000093600000)
 Metaspace       used 98930K, capacity 106313K, committed 106408K, reserved 1142784K
  class space    used 12437K, capacity 13692K, committed 13744K, reserved 1048576K
GC Heap History (10 events):
Event: 11232.993 GC heap before
{Heap before GC invocations=32 (full 4):
 PSYoungGen      total 497664K, used 490337K [0x00000000d5580000, 0x00000000f6100000, 0x0000000100000000)
  eden space 462848K, 100% used [0x00000000d5580000,0x00000000f1980000,0x00000000f1980000)
  from space 34816K, 78% used [0x00000000f1980000,0x00000000f3458698,0x00000000f3b80000)
  to   space 35840K, 0% used [0x00000000f3e00000,0x00000000f3e00000,0x00000000f6100000)
 ParOldGen       total 317440K, used 47698K [0x0000000080000000, 0x0000000093600000, 0x00000000d5580000)
  object space 317440K, 15% used [0x0000000080000000,0x0000000082e948d8,0x0000000093600000)
 Metaspace       used 98019K, capacity 105267K, committed 105640K, reserved 1140736K
  class space    used 12393K, capacity 13597K, committed 13744K, reserved 1048576K
Event: 11233.018 GC heap after
Heap after GC invocations=32 (full 4):
 PSYoungGen      total 498688K, used 30092K [0x00000000d5580000, 0x00000000f6400000, 0x0000000100000000)
  eden space 462848K, 0% used [0x00000000d5580000,0x00000000d5580000,0x00000000f1980000)
  from space 35840K, 83% used [0x00000000f3e00000,0x00000000f5b633f8,0x00000000f6100000)
  to   space 37376K, 0% used [0x00000000f1980000,0x00000000f1980000,0x00000000f3e00000)
 ParOldGen       total 317440K, used 47706K [0x0000000080000000, 0x0000000093600000, 0x00000000d5580000)
  object space 317440K, 15% used [0x0000000080000000,0x0000000082e968d8,0x0000000093600000)
 Metaspace       used 98019K, capacity 105267K, committed 105640K, reserved 1140736K
  class space    used 12393K, capacity 13597K, committed 13744K, reserved 1048576K
}
Event: 11535.650 GC heap before
{Heap before GC invocations=33 (full 4):
 PSYoungGen      total 498688K, used 492940K [0x00000000d5580000, 0x00000000f6400000, 0x0000000100000000)
  eden space 462848K, 100% used [0x00000000d5580000,0x00000000f1980000,0x00000000f1980000)
  from space 35840K, 83% used [0x00000000f3e00000,0x00000000f5b633f8,0x00000000f6100000)
  to   space 37376K, 0% used [0x00000000f1980000,0x00000000f1980000,0x00000000f3e00000)
 ParOldGen       total 317440K, used 47706K [0x0000000080000000, 0x0000000093600000, 0x00000000d5580000)
  object space 317440K, 15% used [0x0000000080000000,0x0000000082e968d8,0x0000000093600000)
 Metaspace       used 98262K, capacity 105607K, committed 105896K, reserved 1140736K
  class space    used 12393K, capacity 13597K, committed 13744K, reserved 1048576K
Event: 11535.674 GC heap after
Heap after GC invocations=33 (full 4):
 PSYoungGen      total 500224K, used 21028K [0x00000000d5580000, 0x00000000f6180000, 0x0000000100000000)
  eden space 462848K, 0% used [0x00000000d5580000,0x00000000d5580000,0x00000000f1980000)
  from space 37376K, 56% used [0x00000000f1980000,0x00000000f2e09298,0x00000000f3e00000)
  to   space 36352K, 0% used [0x00000000f3e00000,0x00000000f3e00000,0x00000000f6180000)
 ParOldGen       total 317440K, used 50587K [0x0000000080000000, 0x0000000093600000, 0x00000000d5580000)
  object space 317440K, 15% used [0x0000000080000000,0x0000000083166fa8,0x0000000093600000)
 Metaspace       used 98262K, capacity 105607K, committed 105896K, reserved 1140736K
  class space    used 12393K, capacity 13597K, committed 13744K, reserved 1048576K
}
Event: 11765.839 GC heap before
{Heap before GC invocations=34 (full 4):
 PSYoungGen      total 500224K, used 483876K [0x00000000d5580000, 0x00000000f6180000, 0x0000000100000000)
  eden space 462848K, 100% used [0x00000000d5580000,0x00000000f1980000,0x00000000f1980000)
  from space 37376K, 56% used [0x00000000f1980000,0x00000000f2e09298,0x00000000f3e00000)
  to   space 36352K, 0% used [0x00000000f3e00000,0x00000000f3e00000,0x00000000f6180000)
 ParOldGen       total 317440K, used 50587K [0x0000000080000000, 0x0000000093600000, 0x00000000d5580000)
  object space 317440K, 15% used [0x0000000080000000,0x0000000083166fa8,0x0000000093600000)
 Metaspace       used 98383K, capacity 105735K, committed 106152K, reserved 1142784K
  class space    used 12393K, capacity 13597K, committed 13744K, reserved 1048576K
Event: 11765.862 GC heap after
Heap after GC invocations=34 (full 4):
 PSYoungGen      total 498176K, used 20074K [0x00000000d5580000, 0x00000000f5f80000, 0x0000000100000000)
  eden space 463872K, 0% used [0x00000000d5580000,0x00000000d5580000,0x00000000f1a80000)
  from space 34304K, 58% used [0x00000000f3e00000,0x00000000f519a8b8,0x00000000f5f80000)
  to   space 35328K, 0% used [0x00000000f1a80000,0x00000000f1a80000,0x00000000f3d00000)
 ParOldGen       total 317440K, used 50707K [0x0000000080000000, 0x0000000093600000, 0x00000000d5580000)
  object space 317440K, 15% used [0x0000000080000000,0x0000000083184fa8,0x0000000093600000)
 Metaspace       used 98383K, capacity 105735K, committed 106152K, reserved 1142784K
  class space    used 12393K, capacity 13597K, committed 13744K, reserved 1048576K
}
Event: 11956.728 GC heap before
{Heap before GC invocations=35 (full 4):
 PSYoungGen      total 498176K, used 483946K [0x00000000d5580000, 0x00000000f5f80000, 0x0000000100000000)
  eden space 463872K, 100% used [0x00000000d5580000,0x00000000f1a80000,0x00000000f1a80000)
  from space 34304K, 58% used [0x00000000f3e00000,0x00000000f519a8b8,0x00000000f5f80000)
  to   space 35328K, 0% used [0x00000000f1a80000,0x00000000f1a80000,0x00000000f3d00000)
 ParOldGen       total 317440K, used 50707K [0x0000000080000000, 0x0000000093600000, 0x00000000d5580000)
  object space 317440K, 15% used [0x0000000080000000,0x0000000083184fa8,0x0000000093600000)
 Metaspace       used 98520K, capacity 105863K, committed 106152K, reserved 1142784K
  class space    used 12394K, capacity 13597K, committed 13744K, reserved 1048576K
Event: 11956.755 GC heap after
Heap after GC invocations=35 (full 4):
 PSYoungGen      total 499200K, used 27889K [0x00000000d5580000, 0x00000000f6280000, 0x0000000100000000)
  eden space 463872K, 0% used [0x00000000d5580000,0x00000000d5580000,0x00000000f1a80000)
  from space 35328K, 78% used [0x00000000f1a80000,0x00000000f35bc718,0x00000000f3d00000)
  to   space 36352K, 0% used [0x00000000f3f00000,0x00000000f3f00000,0x00000000f6280000)
 ParOldGen       total 317440K, used 50843K [0x0000000080000000, 0x0000000093600000, 0x00000000d5580000)
  object space 317440K, 16% used [0x0000000080000000,0x00000000831a6fb8,0x0000000093600000)
 Metaspace       used 98520K, capacity 105863K, committed 106152K, reserved 1142784K
  class space    used 12394K, capacity 13597K, committed 13744K, reserved 1048576K
}
Event: 12382.103 GC heap before
{Heap before GC invocations=36 (full 4):
 PSYoungGen      total 499200K, used 491761K [0x00000000d5580000, 0x00000000f6280000, 0x0000000100000000)
  eden space 463872K, 100% used [0x00000000d5580000,0x00000000f1a80000,0x00000000f1a80000)
  from space 35328K, 78% used [0x00000000f1a80000,0x00000000f35bc718,0x00000000f3d00000)
  to   space 36352K, 0% used [0x00000000f3f00000,0x00000000f3f00000,0x00000000f6280000)
 ParOldGen       total 317440K, used 50843K [0x0000000080000000, 0x0000000093600000, 0x00000000d5580000)
  object space 317440K, 16% used [0x0000000080000000,0x00000000831a6fb8,0x0000000093600000)
 Metaspace       used 98887K, capacity 106313K, committed 106408K, reserved 1142784K
  class space    used 12437K, capacity 13692K, committed 13744K, reserved 1048576K
Event: 12382.137 GC heap after
Heap after GC invocations=36 (full 4):
 PSYoungGen      total 496128K, used 36325K [0x00000000d5580000, 0x00000000f6c80000, 0x0000000100000000)
  eden space 459776K, 0% used [0x00000000d5580000,0x00000000d5580000,0x00000000f1680000)
  from space 36352K, 99% used [0x00000000f3f00000,0x00000000f62795e8,0x00000000f6280000)
  to   space 41472K, 0% used [0x00000000f1680000,0x00000000f1680000,0x00000000f3f00000)
 ParOldGen       total 317440K, used 55650K [0x0000000080000000, 0x0000000093600000, 0x00000000d5580000)
  object space 317440K, 17% used [0x0000000080000000,0x0000000083658ae8,0x0000000093600000)
 Metaspace       used 98887K, capacity 106313K, committed 106408K, reserved 1142784K
  class space    used 12437K, capacity 13692K, committed 13744K, reserved 1048576K
}

